2025-04-08 17:55:39.392156 - Received CBT.V508.FILE027.PDS from FILE027.XMI 
2025-04-08 17:55:39.394310 - Found $$$#DATE.txt (text/plain) in CBT.V508.FILE027.PDS, moved to PDS/$$$#DATE
2025-04-08 17:55:39.394935 - Found $$DOC.txt (text/plain) in CBT.V508.FILE027.PDS, moved to PDS/$$DOC
2025-04-08 17:55:39.395613 - Found $CLEAR.txt (text/plain) in CBT.V508.FILE027.PDS, moved to PDS/$CLEAR
2025-04-08 17:55:39.396196 - Found $DFLAG.txt (text/plain) in CBT.V508.FILE027.PDS, moved to PDS/$DFLAG
2025-04-08 17:55:39.396767 - Found $EPILOG.txt (text/plain) in CBT.V508.FILE027.PDS, moved to PDS/$EPILOG
2025-04-08 17:55:39.397341 - Found $FLAG.txt (text/plain) in CBT.V508.FILE027.PDS, moved to PDS/$FLAG
2025-04-08 17:55:39.397979 - Found $HEAD.txt (text/plain) in CBT.V508.FILE027.PDS, moved to PDS/$HEAD
2025-04-08 17:55:39.398548 - Found $PROLOG.txt (text/plain) in CBT.V508.FILE027.PDS, moved to PDS/$PROLOG
2025-04-08 17:55:39.399162 - Found $REGS.txt (text/plain) in CBT.V508.FILE027.PDS, moved to PDS/$REGS
2025-04-08 17:55:39.399791 - Found $TEST.txt (text/plain) in CBT.V508.FILE027.PDS, moved to PDS/$TEST
2025-04-08 17:55:39.400428 - Found #CONVDAT.txt (text/plain) in CBT.V508.FILE027.PDS, moved to PDS/#CONVDAT
2025-04-08 17:55:39.401066 - Found @FILE027.txt (text/plain) in CBT.V508.FILE027.PDS, moved to PDS/@FILE027
2025-04-08 17:55:39.401700 - Found DATECHCK.jcl (text/plain) in CBT.V508.FILE027.PDS, moved to PDS/DATECHCK
2025-04-08 17:55:39.402321 - Found DAYCCA01.txt (text/plain) in CBT.V508.FILE027.PDS, moved to PDS/DAYCCA01
2025-04-08 17:55:39.403022 - Found DAYCCA02.txt (text/plain) in CBT.V508.FILE027.PDS, moved to PDS/DAYCCA02
2025-04-08 17:55:39.403616 - Found DAYCCA03.txt (text/plain) in CBT.V508.FILE027.PDS, moved to PDS/DAYCCA03
2025-04-08 17:55:39.404240 - Found DAYCCA04.txt (text/plain) in CBT.V508.FILE027.PDS, moved to PDS/DAYCCA04
2025-04-08 17:55:39.404907 - Found DAYCCA05.txt (text/plain) in CBT.V508.FILE027.PDS, moved to PDS/DAYCCA05
2025-04-08 17:55:39.405516 - Found DAYCCA06.txt (text/plain) in CBT.V508.FILE027.PDS, moved to PDS/DAYCCA06
2025-04-08 17:55:39.406138 - Found DAYCCA07.txt (text/plain) in CBT.V508.FILE027.PDS, moved to PDS/DAYCCA07
2025-04-08 17:55:39.406749 - Found DAYCC001.txt (text/plain) in CBT.V508.FILE027.PDS, moved to PDS/DAYCC001
2025-04-08 17:55:39.407385 - Found DAYC0001.txt (text/plain) in CBT.V508.FILE027.PDS, moved to PDS/DAYC0001
